<?xml version="1.0" encoding="UTF-8"?>
<!-- Generated by org.testng.reporters.JUnitReportReporter -->
<testsuite hostname="DESKTOP-UEI1UFT" failures="0" tests="1" name="Testcases.Update_Subadmin_Testcase" time="42.381" errors="0" timestamp="2024-04-22T16:24:31 IST" skipped="0">
  <testcase classname="Testcases.Update_Subadmin_Testcase" name="Update_Subadmins" time="42.381"/>
</testsuite> <!-- Testcases.Update_Subadmin_Testcase -->
