<?xml version="1.0" encoding="UTF-8"?>
<!-- Generated by org.testng.reporters.JUnitReportReporter -->
<testsuite hostname="DESKTOP-UEI1UFT" failures="0" tests="1" name="Testcases.Update_Buyer_Testcase" time="47.534" errors="0" timestamp="2024-04-22T17:41:25 IST" skipped="0">
  <testcase classname="Testcases.Update_Buyer_Testcase" name="Add_Subadmins" time="47.534"/>
</testsuite> <!-- Testcases.Update_Buyer_Testcase -->
