<?xml version="1.0" encoding="UTF-8"?>
<!-- Generated by org.testng.reporters.JUnitReportReporter -->
<testsuite hostname="DESKTOP-UEI1UFT" failures="0" tests="1" name="Testcases.Location_Testcase" time="116.418" errors="0" timestamp="2024-04-22T14:52:23 IST" skipped="0">
  <testcase classname="Testcases.Location_Testcase" name="Add_State" time="116.418"/>
</testsuite> <!-- Testcases.Location_Testcase -->
