<?xml version="1.0" encoding="UTF-8"?>
<!-- Generated by org.testng.reporters.JUnitReportReporter -->
<testsuite hostname="DESKTOP-UEI1UFT" failures="0" tests="1" name="Testcases.Add_Vendor_Testcase" time="57.573" errors="0" timestamp="2024-04-22T16:58:39 IST" skipped="0">
  <testcase classname="Testcases.Add_Vendor_Testcase" name="Add_Subadmins" time="57.573"/>
</testsuite> <!-- Testcases.Add_Vendor_Testcase -->
